04.07. 18:54:36.657    ***Logfile for Yuri's Revenge client***
04.07. 18:54:36.661    Client version: 2.6.11.1
04.07. 18:54:36.662    Loading settings.
04.07. 18:54:36.691    Initializing updater.
04.07. 18:54:36.698    Updater: Unknown game YRR
04.07. 18:54:36.698    Update mirror count: 0
04.07. 18:54:36.698    Running from: clientdx.exe
04.07. 18:54:36.700    Operating system: Microsoft Windows NT 6.2.9200.0
04.07. 18:54:36.700    Selected OS profile: WIN810
04.07. 18:54:36.701    Current culture: en-GB
04.07. 18:54:36.704    Removing partial custom component downloads.
04.07. 18:54:36.706    Checking for the existence of FinalSun.ini.
04.07. 18:54:36.707    FinalSun.ini doesn't exist - writing default settings.
04.07. 18:54:36.716    An exception occured while checking the existence of FinalSun settings
04.07. 18:54:36.717    Writing installation path to the Windows registry.
04.07. 18:54:36.721    Starting background processing of INI files.
04.07. 18:54:36.722    /INI/Base does not exist, skipping background processing of INI files.
04.07. 18:54:37.169    Initializing GameClass.
04.07. 18:54:37.333    InitGraphicsMode: 2560x1440
04.07. 18:54:37.445    Loading maps.
04.07. 18:54:37.837    DiscordHandler: Connected Discord RPC client.
04.07. 18:54:38.108    Attempting to parse INI/Battle.ini to populate mission list.
04.07. 18:54:38.115    Finished parsing INI/Battle.ini.
04.07. 18:54:38.115    Attempting to parse INI/BattleFS.ini to populate mission list.
04.07. 18:54:38.115    File INI/BattleFS.ini not found. Ignoring.
04.07. 18:54:38.172    Hardware info: AMD Ryzen 7 1700 Eight-Core Processor (8 cores) | Video controller: NVIDIA GeForce GTX 1660 | Total physical memory: 16GB
04.07. 18:54:38.240    Reading statistics.
04.07. 18:54:39.157    DirectDrawWrapper: File specified in ConfigFileName= for renderer 'AQRITS_DDRAW' does not exist!
04.07. 18:54:43.001    Writing spawn.ini
04.07. 18:54:43.022    Writing map.
04.07. 18:54:43.022    Loading map INI from S:/Installed Games/C&C YR Redux/Maps/Standard/dunepatr.map
04.07. 18:54:43.034    About to launch main game executable.
04.07. 18:54:43.047    Writing settings INI.
04.07. 18:54:43.051    Launch executable: syringe.exe
04.07. 18:54:43.051    Launch arguments: "gamemd.exe" -SPAWN
04.07. 18:54:43.062    GameProcessLogic: Process started.
04.07. 18:54:43.070    Waiting for qres.dat or syringe.exe to exit.
04.07. 18:54:48.839    Discord: Pipe Connection Failed. Could not connect to pipe #-1
04.07. 18:55:01.523    Discord: Pipe Connection Failed. Could not connect to pipe #-1
04.07. 18:55:15.397    Discord: Pipe Connection Failed. Could not connect to pipe #-1
04.07. 18:55:30.460    Discord: Pipe Connection Failed. Could not connect to pipe #-1
04.07. 18:55:46.710    Discord: Pipe Connection Failed. Could not connect to pipe #-1
04.07. 18:56:04.148    Discord: Pipe Connection Failed. Could not connect to pipe #-1
04.07. 18:56:22.787    Discord: Pipe Connection Failed. Could not connect to pipe #-1
04.07. 18:56:42.617    Discord: Pipe Connection Failed. Could not connect to pipe #-1
04.07. 18:57:03.631    Discord: Pipe Connection Failed. Could not connect to pipe #-1
04.07. 18:57:25.835    Discord: Pipe Connection Failed. Could not connect to pipe #-1
04.07. 18:57:49.226    Discord: Pipe Connection Failed. Could not connect to pipe #-1
04.07. 18:58:13.804    Discord: Pipe Connection Failed. Could not connect to pipe #-1
04.07. 18:58:39.585    Discord: Pipe Connection Failed. Could not connect to pipe #-1
04.07. 18:59:06.554    Discord: Pipe Connection Failed. Could not connect to pipe #-1
04.07. 18:59:34.710    Discord: Pipe Connection Failed. Could not connect to pipe #-1
04.07. 19:00:04.053    Discord: Pipe Connection Failed. Could not connect to pipe #-1
04.07. 19:00:34.584    Discord: Pipe Connection Failed. Could not connect to pipe #-1
04.07. 19:01:06.303    Discord: Pipe Connection Failed. Could not connect to pipe #-1
04.07. 19:01:39.209    Discord: Pipe Connection Failed. Could not connect to pipe #-1
04.07. 19:02:13.320    Discord: Pipe Connection Failed. Could not connect to pipe #-1
04.07. 19:02:48.616    Discord: Pipe Connection Failed. Could not connect to pipe #-1
04.07. 19:03:25.100    Discord: Pipe Connection Failed. Could not connect to pipe #-1
04.07. 19:04:02.772    Discord: Pipe Connection Failed. Could not connect to pipe #-1
04.07. 19:04:41.632    Discord: Pipe Connection Failed. Could not connect to pipe #-1
04.07. 19:05:16.092    GameProcessLogic: Process exited.
04.07. 19:05:16.244    InitGraphicsMode: 2560x1440
04.07. 19:05:16.367    GameProcessExited: Parsing statistics.
04.07. 19:05:16.368    Parsing game statistics.
04.07. 19:05:16.372    DTAStatisticsParser: Failed to read statistics: the log file does not exist.
04.07. 19:05:16.373    GameProcessExited: Adding match to statistics.
04.07. 19:05:16.460    Writing game info to statistics file.
04.07. 19:05:16.462    Finished writing statistics.
04.07. 19:05:19.877    Exiting.
04.07. 19:05:19.878    Saving friend list.
04.07. 19:05:19.879    Saving ignore list.
04.07. 19:05:19.880    Saving recent list.
